Build started 11/03/2017 19:54:40.
     1>Project "\\nstu-uwe01.campus.ads.uwe.ac.uk\users1$\ac2-pitt\Personal\Visual Studio 2013\Projects\ThreeGames2\ThreeGames2\ThreeGames2\ThreeGames2.vcxproj" on node 2 (Build target(s)).
     1>ClCompile:
         C:\Program Files (x86)\Microsoft Visual Studio 12.0\VC\bin\CL.exe /c /I"\\nstu-uwe01.campus.ads.uwe.ac.uk\users1$\ac2-pitt\Personal\Visual Studio 2013\Projects\ThreeGames2\ThreeGames2\ThreeGames2\include" /ZI /nologo /W3 /WX- /sdl /Od /Oy- /D _MBCS /Gm /EHsc /RTC1 /MDd /GS /fp:precise /Zc:wchar_t /Zc:forScope /Fo"Debug\\" /Fd"Debug\vc120.pdb" /Gd /TP /analyze- /errorReport:prompt BlackjackGame.cpp BlackjackMenu.cpp HangmanDifficulty.cpp HangmanGame.cpp HangmanMenu.cpp MainMenu.cpp Menu.cpp SnakeGame.cpp SnakeMenu.cpp Source.cpp StateManager.cpp
         StateManager.cpp
         Source.cpp
     1>\\nstu-uwe01.campus.ads.uwe.ac.uk\users1$\ac2-pitt\personal\visual studio 2013\projects\threegames2\threegames2\threegames2\source.cpp(9): warning C4244: 'argument' : conversion from 'time_t' to 'unsigned int', possible loss of data
         SnakeMenu.cpp
         SnakeGame.cpp
     1>\\nstu-uwe01.campus.ads.uwe.ac.uk\users1$\ac2-pitt\personal\visual studio 2013\projects\threegames2\threegames2\threegames2\snakegame.cpp(230): warning C4018: '<' : signed/unsigned mismatch
         Menu.cpp
         MainMenu.cpp
         HangmanMenu.cpp
         HangmanGame.cpp
     1>\\nstu-uwe01.campus.ads.uwe.ac.uk\users1$\ac2-pitt\personal\visual studio 2013\projects\threegames2\threegames2\threegames2\hangmangame.cpp(85): warning C4018: '<' : signed/unsigned mismatch
     1>\\nstu-uwe01.campus.ads.uwe.ac.uk\users1$\ac2-pitt\personal\visual studio 2013\projects\threegames2\threegames2\threegames2\hangmangame.cpp(148): warning C4018: '<' : signed/unsigned mismatch
         HangmanDifficulty.cpp
         BlackjackMenu.cpp
         BlackjackGame.cpp
     1>\\nstu-uwe01.campus.ads.uwe.ac.uk\users1$\ac2-pitt\personal\visual studio 2013\projects\threegames2\threegames2\threegames2\blackjackgame.cpp(170): warning C4018: '<' : signed/unsigned mismatch
     1>\\nstu-uwe01.campus.ads.uwe.ac.uk\users1$\ac2-pitt\personal\visual studio 2013\projects\threegames2\threegames2\threegames2\blackjackgame.cpp(229): warning C4018: '<' : signed/unsigned mismatch
     1>\\nstu-uwe01.campus.ads.uwe.ac.uk\users1$\ac2-pitt\personal\visual studio 2013\projects\threegames2\threegames2\threegames2\blackjackgame.cpp(310): warning C4018: '<' : signed/unsigned mismatch
         Generating Code...
     1>\\nstu-uwe01.campus.ads.uwe.ac.uk\users1$\ac2-pitt\personal\visual studio 2013\projects\threegames2\threegames2\threegames2\blackjackgame.cpp(445): warning C4715: 'BlackjackGame::menu' : not all control paths return a value
     1>\\nstu-uwe01.campus.ads.uwe.ac.uk\users1$\ac2-pitt\personal\visual studio 2013\projects\threegames2\threegames2\threegames2\blackjackmenu.cpp(44): warning C4715: 'BlackjackMenu::returnInput' : not all control paths return a value
     1>\\nstu-uwe01.campus.ads.uwe.ac.uk\users1$\ac2-pitt\personal\visual studio 2013\projects\threegames2\threegames2\threegames2\hangmandifficulty.cpp(57): warning C4715: 'HangmanDifficulty::returnDifficulty' : not all control paths return a value
     1>\\nstu-uwe01.campus.ads.uwe.ac.uk\users1$\ac2-pitt\personal\visual studio 2013\projects\threegames2\threegames2\threegames2\hangmanmenu.cpp(46): warning C4715: 'HangmanMenu::returnInput' : not all control paths return a value
     1>\\nstu-uwe01.campus.ads.uwe.ac.uk\users1$\ac2-pitt\personal\visual studio 2013\projects\threegames2\threegames2\threegames2\mainmenu.cpp(50): warning C4715: 'MainMenu::returnInput' : not all control paths return a value
     1>\\nstu-uwe01.campus.ads.uwe.ac.uk\users1$\ac2-pitt\personal\visual studio 2013\projects\threegames2\threegames2\threegames2\menu.cpp(80): warning C4715: 'Menu::optionSelect' : not all control paths return a value
     1>\\nstu-uwe01.campus.ads.uwe.ac.uk\users1$\ac2-pitt\personal\visual studio 2013\projects\threegames2\threegames2\threegames2\snakegame.cpp(298): warning C4715: 'SnakeGame::update' : not all control paths return a value
     1>\\nstu-uwe01.campus.ads.uwe.ac.uk\users1$\ac2-pitt\personal\visual studio 2013\projects\threegames2\threegames2\threegames2\snakemenu.cpp(42): warning C4715: 'SnakeMenu::returnInput' : not all control paths return a value
       Link:
         C:\Program Files (x86)\Microsoft Visual Studio 12.0\VC\bin\link.exe /ERRORREPORT:PROMPT /OUT:"\\nstu-uwe01.campus.ads.uwe.ac.uk\users1$\ac2-pitt\Personal\Visual Studio 2013\Projects\ThreeGames2\ThreeGames2\Debug\ThreeGames2.exe" /INCREMENTAL /NOLOGO "\\nstu-uwe01.campus.ads.uwe.ac.uk\users1$\ac2-pitt\Personal\Visual Studio 2013\Projects\ThreeGames2\ThreeGames2\ThreeGames2\lib\pdcurses.lib" kernel32.lib user32.lib gdi32.lib winspool.lib comdlg32.lib advapi32.lib shell32.lib ole32.lib oleaut32.lib uuid.lib odbc32.lib odbccp32.lib kernel32.lib user32.lib gdi32.lib winspool.lib comdlg32.lib advapi32.lib shell32.lib ole32.lib oleaut32.lib uuid.lib odbc32.lib odbccp32.lib /MANIFEST /MANIFESTUAC:"level='asInvoker' uiAccess='false'" /manifest:embed /DEBUG /PDB:"\\nstu-uwe01.campus.ads.uwe.ac.uk\users1$\ac2-pitt\Personal\Visual Studio 2013\Projects\ThreeGames2\ThreeGames2\Debug\ThreeGames2.pdb" /TLBID:1 /DYNAMICBASE /NXCOMPAT /IMPLIB:"\\nstu-uwe01.campus.ads.uwe.ac.uk\users1$\ac2-pitt\Personal\Visual Studio 2013\Projects\ThreeGames2\ThreeGames2\Debug\ThreeGames2.lib" /MACHINE:X86 Debug\BlackjackGame.obj
         Debug\BlackjackMenu.obj
         Debug\HangmanDifficulty.obj
         Debug\HangmanGame.obj
         Debug\HangmanMenu.obj
         Debug\MainMenu.obj
         Debug\Menu.obj
         Debug\SnakeGame.obj
         Debug\SnakeMenu.obj
         Debug\Source.obj
         Debug\StateManager.obj
         ThreeGames2.vcxproj -> \\nstu-uwe01.campus.ads.uwe.ac.uk\users1$\ac2-pitt\Personal\Visual Studio 2013\Projects\ThreeGames2\ThreeGames2\Debug\ThreeGames2.exe
     1>Done Building Project "\\nstu-uwe01.campus.ads.uwe.ac.uk\users1$\ac2-pitt\Personal\Visual Studio 2013\Projects\ThreeGames2\ThreeGames2\ThreeGames2\ThreeGames2.vcxproj" (Build target(s)).

Build succeeded.

Time Elapsed 00:03:23.73
