\\nstu-uwe01\users1$\ac2-pitt\personal\visual studio 2013\projects\threegames2\threegames2\threegames2\debug\vc120.pdb
\\nstu-uwe01\users1$\ac2-pitt\personal\visual studio 2013\projects\threegames2\threegames2\threegames2\debug\vc120.idb
\\nstu-uwe01\users1$\ac2-pitt\personal\visual studio 2013\projects\threegames2\threegames2\threegames2\debug\blackjackgame.obj
\\nstu-uwe01\users1$\ac2-pitt\personal\visual studio 2013\projects\threegames2\threegames2\threegames2\debug\blackjackmenu.obj
\\nstu-uwe01\users1$\ac2-pitt\personal\visual studio 2013\projects\threegames2\threegames2\threegames2\debug\hangmandifficulty.obj
\\nstu-uwe01\users1$\ac2-pitt\personal\visual studio 2013\projects\threegames2\threegames2\threegames2\debug\hangmangame.obj
\\nstu-uwe01\users1$\ac2-pitt\personal\visual studio 2013\projects\threegames2\threegames2\threegames2\debug\hangmanmenu.obj
\\nstu-uwe01\users1$\ac2-pitt\personal\visual studio 2013\projects\threegames2\threegames2\threegames2\debug\mainmenu.obj
\\nstu-uwe01\users1$\ac2-pitt\personal\visual studio 2013\projects\threegames2\threegames2\threegames2\debug\menu.obj
\\nstu-uwe01\users1$\ac2-pitt\personal\visual studio 2013\projects\threegames2\threegames2\threegames2\debug\snakegame.obj
\\nstu-uwe01\users1$\ac2-pitt\personal\visual studio 2013\projects\threegames2\threegames2\threegames2\debug\snakemenu.obj
\\nstu-uwe01\users1$\ac2-pitt\personal\visual studio 2013\projects\threegames2\threegames2\threegames2\debug\source.obj
\\nstu-uwe01\users1$\ac2-pitt\personal\visual studio 2013\projects\threegames2\threegames2\threegames2\debug\statemanager.obj
\\nstu-uwe01\users1$\ac2-pitt\personal\visual studio 2013\projects\threegames2\threegames2\debug\threegames2.ilk
\\nstu-uwe01\users1$\ac2-pitt\personal\visual studio 2013\projects\threegames2\threegames2\debug\threegames2.exe
\\nstu-uwe01\users1$\ac2-pitt\personal\visual studio 2013\projects\threegames2\threegames2\debug\threegames2.pdb
\\nstu-uwe01\users1$\ac2-pitt\personal\visual studio 2013\projects\threegames2\threegames2\threegames2\debug\threegames2.tlog\cl.command.1.tlog
\\nstu-uwe01\users1$\ac2-pitt\personal\visual studio 2013\projects\threegames2\threegames2\threegames2\debug\threegames2.tlog\cl.read.1.tlog
\\nstu-uwe01\users1$\ac2-pitt\personal\visual studio 2013\projects\threegames2\threegames2\threegames2\debug\threegames2.tlog\cl.write.1.tlog
\\nstu-uwe01\users1$\ac2-pitt\personal\visual studio 2013\projects\threegames2\threegames2\threegames2\debug\threegames2.tlog\link.command.1.tlog
\\nstu-uwe01\users1$\ac2-pitt\personal\visual studio 2013\projects\threegames2\threegames2\threegames2\debug\threegames2.tlog\link.read.1.tlog
\\nstu-uwe01\users1$\ac2-pitt\personal\visual studio 2013\projects\threegames2\threegames2\threegames2\debug\threegames2.tlog\link.write.1.tlog
